INFO  [2018-05-16 14:21:30,241] io.dropwizard.server.DefaultServerFactory: Registering jersey handler with root path prefix: /
INFO  [2018-05-16 14:21:30,257] io.dropwizard.server.DefaultServerFactory: Registering admin handler with root path prefix: /
INFO  [2018-05-16 14:21:30,259] io.dropwizard.assets.AssetsBundle: Registering AssetBundle with name: home for path /*
INFO  [2018-05-16 14:21:30,522] io.dropwizard.assets.AssetsBundle: Registering AssetBundle with name: login for path /login/*
INFO  [2018-05-16 14:21:30,600] io.dropwizard.hibernate.SessionFactoryFactory: Entity classes: [com.example.helloworld.core.Person]
INFO  [2018-05-16 14:21:30,977] org.hibernate.dialect.Dialect: HHH000400: Using dialect: org.hibernate.dialect.H2Dialect
INFO  [2018-05-16 14:21:31,006] org.hibernate.type.BasicTypeRegistry: HHH000270: Type registration [java.util.Currency] overrides previous : org.hibernate.type.CurrencyType@1e606f64
INFO  [2018-05-16 14:21:31,007] org.hibernate.type.BasicTypeRegistry: HHH000270: Type registration [java.time.Duration] overrides previous : org.hibernate.type.DurationType@466fedfa
INFO  [2018-05-16 14:21:31,007] org.hibernate.type.BasicTypeRegistry: HHH000270: Type registration [java.time.Instant] overrides previous : org.hibernate.type.InstantType@16391278
INFO  [2018-05-16 14:21:31,007] org.hibernate.type.BasicTypeRegistry: HHH000270: Type registration [java.time.LocalDate] overrides previous : org.hibernate.type.LocalDateType@2807cf3
INFO  [2018-05-16 14:21:31,007] org.hibernate.type.BasicTypeRegistry: HHH000270: Type registration [java.time.LocalDateTime] overrides previous : org.hibernate.type.LocalDateTimeType@1760e594
INFO  [2018-05-16 14:21:31,007] org.hibernate.type.BasicTypeRegistry: HHH000270: Type registration [java.time.LocalTime] overrides previous : org.hibernate.type.LocalTimeType@1dca62c2
INFO  [2018-05-16 14:21:31,007] org.hibernate.type.BasicTypeRegistry: HHH000270: Type registration [java.time.OffsetDateTime] overrides previous : org.hibernate.type.OffsetDateTimeType@399f5daf
INFO  [2018-05-16 14:21:31,007] org.hibernate.type.BasicTypeRegistry: HHH000270: Type registration [java.time.OffsetTime] overrides previous : org.hibernate.type.OffsetTimeType@271e851e
INFO  [2018-05-16 14:21:31,007] org.hibernate.type.BasicTypeRegistry: HHH000270: Type registration [java.time.ZonedDateTime] overrides previous : org.hibernate.type.ZonedDateTimeType@147c00aa
INFO  [2018-05-16 14:21:31,014] org.hibernate.hql.internal.QueryTranslatorFactoryInitiator: HHH000397: Using ASTQueryTranslatorFactory
INFO  [2018-05-16 14:21:31,234] io.dropwizard.server.ServerFactory: Starting hello-world
                           web-scale hello world dP for the web
                                                 88
  .d8888b. dP.  .dP .d8888b. 88d8b.d8b. 88d888b. 88 .d8888b.
  88ooood8  `8bd8'  88'  `88 88'`88'`88 88'  `88 88 88ooood8
  88.  ...  .d88b.  88.  .88 88  88  88 88.  .88 88 88.  ...
  `88888P' dP'  `dP `88888P8 dP  dP  dP 88Y888P' dP `88888P'
                                        88
                                        dP

INFO  [2018-05-16 14:21:31,662] org.eclipse.jetty.setuid.SetUIDListener: Opened application@b19bee6{HTTP/1.1,[http/1.1]}{0.0.0.0:52980}
INFO  [2018-05-16 14:21:31,662] org.eclipse.jetty.setuid.SetUIDListener: Opened admin@21266057{HTTP/1.1,[http/1.1]}{0.0.0.0:52981}
INFO  [2018-05-16 14:21:31,675] org.eclipse.jetty.server.Server: jetty-9.4.10.v20180503; built: 2018-05-03T15:56:21.710Z; git: daa59876e6f384329b122929e70a80934569428c; jvm 1.8.0_151-b12
INFO  [2018-05-16 14:21:31,754] org.eclipse.jetty.server.AbstractConnector: Started application@b19bee6{HTTP/1.1,[http/1.1]}{0.0.0.0:52980}
INFO  [2018-05-16 14:21:31,758] org.eclipse.jetty.server.AbstractConnector: Started admin@21266057{HTTP/1.1,[http/1.1]}{0.0.0.0:52981}
ERROR [2018-05-16 14:21:31,759] io.dropwizard.cli.ServerCommand: Unable to start server, shutting down
! java.lang.IllegalStateException: Multiple servlets map to path /*: home[mapped:JAVAX_API:null],io.dropwizard.jersey.setup.JerseyServletContainer-75e058d0[mapped:EMBEDDED:null]
! at org.eclipse.jetty.servlet.ServletHandler.updateMappings(ServletHandler.java:1433)
! at org.eclipse.jetty.servlet.ServletHandler.doStart(ServletHandler.java:153)
! at org.eclipse.jetty.util.component.AbstractLifeCycle.start(AbstractLifeCycle.java:68)
! at org.eclipse.jetty.util.component.ContainerLifeCycle.start(ContainerLifeCycle.java:138)
! at org.eclipse.jetty.util.component.ContainerLifeCycle.doStart(ContainerLifeCycle.java:108)
! at org.eclipse.jetty.server.handler.AbstractHandler.doStart(AbstractHandler.java:113)
! at org.eclipse.jetty.server.handler.ScopedHandler.doStart(ScopedHandler.java:123)
! at org.eclipse.jetty.server.handler.ContextHandler.startContext(ContextHandler.java:844)
! at org.eclipse.jetty.servlet.ServletContextHandler.startContext(ServletContextHandler.java:370)
! at org.eclipse.jetty.server.handler.ContextHandler.doStart(ContextHandler.java:785)
! at org.eclipse.jetty.servlet.ServletContextHandler.doStart(ServletContextHandler.java:287)
! at org.eclipse.jetty.util.component.AbstractLifeCycle.start(AbstractLifeCycle.java:68)
! at org.eclipse.jetty.util.component.ContainerLifeCycle.start(ContainerLifeCycle.java:138)
! at org.eclipse.jetty.util.component.ContainerLifeCycle.doStart(ContainerLifeCycle.java:108)
! at org.eclipse.jetty.server.handler.AbstractHandler.doStart(AbstractHandler.java:113)
! at com.codahale.metrics.jetty9.InstrumentedHandler.doStart(InstrumentedHandler.java:101)
! at org.eclipse.jetty.util.component.AbstractLifeCycle.start(AbstractLifeCycle.java:68)
! at org.eclipse.jetty.util.component.ContainerLifeCycle.start(ContainerLifeCycle.java:138)
! at org.eclipse.jetty.util.component.ContainerLifeCycle.doStart(ContainerLifeCycle.java:117)
! at org.eclipse.jetty.server.handler.AbstractHandler.doStart(AbstractHandler.java:113)
! at org.eclipse.jetty.util.component.AbstractLifeCycle.start(AbstractLifeCycle.java:68)
! at org.eclipse.jetty.util.component.ContainerLifeCycle.start(ContainerLifeCycle.java:138)
! at org.eclipse.jetty.util.component.ContainerLifeCycle.doStart(ContainerLifeCycle.java:108)
! at org.eclipse.jetty.server.handler.AbstractHandler.doStart(AbstractHandler.java:113)
! at org.eclipse.jetty.server.handler.gzip.GzipHandler.doStart(GzipHandler.java:403)
! at org.eclipse.jetty.util.component.AbstractLifeCycle.start(AbstractLifeCycle.java:68)
! at org.eclipse.jetty.util.component.ContainerLifeCycle.start(ContainerLifeCycle.java:138)
! at org.eclipse.jetty.util.component.ContainerLifeCycle.doStart(ContainerLifeCycle.java:108)
! at org.eclipse.jetty.server.handler.AbstractHandler.doStart(AbstractHandler.java:113)
! at org.eclipse.jetty.util.component.AbstractLifeCycle.start(AbstractLifeCycle.java:68)
! at org.eclipse.jetty.util.component.ContainerLifeCycle.start(ContainerLifeCycle.java:138)
! at org.eclipse.jetty.util.component.ContainerLifeCycle.doStart(ContainerLifeCycle.java:108)
! at org.eclipse.jetty.server.handler.AbstractHandler.doStart(AbstractHandler.java:113)
! at org.eclipse.jetty.server.handler.StatisticsHandler.doStart(StatisticsHandler.java:252)
! at org.eclipse.jetty.util.component.AbstractLifeCycle.start(AbstractLifeCycle.java:68)
! at org.eclipse.jetty.util.component.ContainerLifeCycle.start(ContainerLifeCycle.java:138)
! at org.eclipse.jetty.server.Server.start(Server.java:419)
! at org.eclipse.jetty.util.component.ContainerLifeCycle.doStart(ContainerLifeCycle.java:108)
! at org.eclipse.jetty.server.handler.AbstractHandler.doStart(AbstractHandler.java:113)
! at org.eclipse.jetty.server.Server.doStart(Server.java:386)
! at org.eclipse.jetty.util.component.AbstractLifeCycle.start(AbstractLifeCycle.java:68)
! at io.dropwizard.cli.ServerCommand.run(ServerCommand.java:53)
! at io.dropwizard.cli.EnvironmentCommand.run(EnvironmentCommand.java:44)
! at io.dropwizard.cli.ConfiguredCommand.run(ConfiguredCommand.java:87)
! at io.dropwizard.testing.DropwizardTestSupport.startIfRequired(DropwizardTestSupport.java:237)
! at io.dropwizard.testing.DropwizardTestSupport.before(DropwizardTestSupport.java:151)
! at io.dropwizard.testing.junit.DropwizardAppRule.before(DropwizardAppRule.java:159)
! at org.junit.rules.ExternalResource$1.evaluate(ExternalResource.java:46)
! at org.junit.rules.RunRules.evaluate(RunRules.java:20)
! at org.junit.runners.ParentRunner.run(ParentRunner.java:363)
! at org.apache.maven.surefire.junit4.JUnit4Provider.execute(JUnit4Provider.java:365)
! at org.apache.maven.surefire.junit4.JUnit4Provider.executeWithRerun(JUnit4Provider.java:273)
! at org.apache.maven.surefire.junit4.JUnit4Provider.executeTestSet(JUnit4Provider.java:238)
! at org.apache.maven.surefire.junit4.JUnit4Provider.invoke(JUnit4Provider.java:159)
! at org.apache.maven.surefire.booter.ForkedBooter.invokeProviderInSameClassLoader(ForkedBooter.java:379)
! at org.apache.maven.surefire.booter.ForkedBooter.runSuitesInProcess(ForkedBooter.java:340)
! at org.apache.maven.surefire.booter.ForkedBooter.execute(ForkedBooter.java:125)
! at org.apache.maven.surefire.booter.ForkedBooter.main(ForkedBooter.java:413)
INFO  [2018-05-16 14:21:31,779] org.eclipse.jetty.server.AbstractConnector: Stopped application@b19bee6{HTTP/1.1,[http/1.1]}{0.0.0.0:0}
INFO  [2018-05-16 14:21:31,781] org.eclipse.jetty.server.AbstractConnector: Stopped admin@21266057{HTTP/1.1,[http/1.1]}{0.0.0.0:0}
INFO  [2018-05-16 14:21:31,784] org.eclipse.jetty.server.handler.ContextHandler: Stopped i.d.j.MutableServletContextHandler@51a3e6ef{/,null,UNAVAILABLE}
INFO  [2018-05-16 14:21:33,253] org.glassfish.jersey.test.inmemory.InMemoryTestContainerFactory$InMemoryTestContainer: Creating InMemoryTestContainer configured at the base URI http://localhost:9998/
INFO  [2018-05-16 14:21:34,690] org.glassfish.jersey.test.grizzly.GrizzlyWebTestContainerFactory$GrizzlyWebTestContainer: Creating GrizzlyWebTestContainer configured at the base URI http://localhost:9998/
INFO  [2018-05-16 14:21:35,121] org.glassfish.grizzly.servlet.WebappContext: Starting application [TestContext] ...
INFO  [2018-05-16 14:21:35,429] org.glassfish.grizzly.servlet.WebappContext: [TestContext] Servlet [org.glassfish.jersey.servlet.ServletContainer] registered for url pattern(s) [[/*]].
INFO  [2018-05-16 14:21:35,429] org.glassfish.grizzly.servlet.WebappContext: Application [TestContext] is ready to service requests.  Root: [].
INFO  [2018-05-16 14:21:35,602] org.glassfish.grizzly.http.server.NetworkListener: Started listener bound to [localhost:9998]
INFO  [2018-05-16 14:21:35,612] org.glassfish.grizzly.http.server.HttpServer: [HttpServer] Started.
INFO  [2018-05-16 14:21:36,247] org.glassfish.grizzly.servlet.ServletHandler: Loading Servlet: org.glassfish.jersey.servlet.ServletContainer
INFO  [2018-05-16 14:21:36,788] org.glassfish.grizzly.http.server.NetworkListener: Stopped listener bound to [localhost:9998]
INFO  [2018-05-16 14:21:36,829] org.glassfish.jersey.test.grizzly.GrizzlyWebTestContainerFactory$GrizzlyWebTestContainer: Creating GrizzlyWebTestContainer configured at the base URI http://localhost:9998/
INFO  [2018-05-16 14:21:36,830] org.glassfish.grizzly.servlet.WebappContext: Starting application [TestContext] ...
INFO  [2018-05-16 14:21:36,830] org.glassfish.grizzly.servlet.WebappContext: [TestContext] Servlet [org.glassfish.jersey.servlet.ServletContainer] registered for url pattern(s) [[/*]].
INFO  [2018-05-16 14:21:36,830] org.glassfish.grizzly.servlet.WebappContext: Application [TestContext] is ready to service requests.  Root: [].
INFO  [2018-05-16 14:21:36,835] org.glassfish.grizzly.http.server.NetworkListener: Started listener bound to [localhost:9998]
INFO  [2018-05-16 14:21:36,836] org.glassfish.grizzly.http.server.HttpServer: [HttpServer-1] Started.
INFO  [2018-05-16 14:21:36,897] org.glassfish.grizzly.servlet.ServletHandler: Loading Servlet: org.glassfish.jersey.servlet.ServletContainer
INFO  [2018-05-16 14:21:37,164] org.glassfish.grizzly.http.server.NetworkListener: Stopped listener bound to [localhost:9998]
INFO  [2018-05-16 14:21:37,175] org.glassfish.jersey.test.grizzly.GrizzlyWebTestContainerFactory$GrizzlyWebTestContainer: Creating GrizzlyWebTestContainer configured at the base URI http://localhost:9998/
INFO  [2018-05-16 14:21:37,175] org.glassfish.grizzly.servlet.WebappContext: Starting application [TestContext] ...
INFO  [2018-05-16 14:21:37,175] org.glassfish.grizzly.servlet.WebappContext: [TestContext] Servlet [org.glassfish.jersey.servlet.ServletContainer] registered for url pattern(s) [[/*]].
INFO  [2018-05-16 14:21:37,175] org.glassfish.grizzly.servlet.WebappContext: Application [TestContext] is ready to service requests.  Root: [].
INFO  [2018-05-16 14:21:37,194] org.glassfish.grizzly.http.server.NetworkListener: Started listener bound to [localhost:9998]
INFO  [2018-05-16 14:21:37,194] org.glassfish.grizzly.http.server.HttpServer: [HttpServer-2] Started.
INFO  [2018-05-16 14:21:37,237] org.glassfish.grizzly.servlet.ServletHandler: Loading Servlet: org.glassfish.jersey.servlet.ServletContainer
INFO  [2018-05-16 14:21:37,563] org.glassfish.grizzly.http.server.NetworkListener: Stopped listener bound to [localhost:9998]
