INFO  [2018-05-15 21:21:12,986] io.dropwizard.server.DefaultServerFactory: Registering jersey handler with root path prefix: /
INFO  [2018-05-15 21:21:12,990] io.dropwizard.server.DefaultServerFactory: Registering admin handler with root path prefix: /
INFO  [2018-05-15 21:21:12,991] io.dropwizard.assets.AssetsBundle: Registering AssetBundle with name: home for path /*
INFO  [2018-05-15 21:21:13,053] io.dropwizard.assets.AssetsBundle: Registering AssetBundle with name: login for path /login/*
INFO  [2018-05-15 21:21:13,067] io.dropwizard.hibernate.SessionFactoryFactory: Entity classes: [com.example.helloworld.core.Person]
INFO  [2018-05-15 21:21:13,237] org.hibernate.dialect.Dialect: HHH000400: Using dialect: org.hibernate.dialect.H2Dialect
INFO  [2018-05-15 21:21:13,251] org.hibernate.type.BasicTypeRegistry: HHH000270: Type registration [java.util.Currency] overrides previous : org.hibernate.type.CurrencyType@c67395
INFO  [2018-05-15 21:21:13,251] org.hibernate.type.BasicTypeRegistry: HHH000270: Type registration [java.time.Duration] overrides previous : org.hibernate.type.DurationType@5a6f6cac
INFO  [2018-05-15 21:21:13,251] org.hibernate.type.BasicTypeRegistry: HHH000270: Type registration [java.time.Instant] overrides previous : org.hibernate.type.InstantType@38ef1a0a
INFO  [2018-05-15 21:21:13,251] org.hibernate.type.BasicTypeRegistry: HHH000270: Type registration [java.time.LocalDate] overrides previous : org.hibernate.type.LocalDateType@645ba24a
INFO  [2018-05-15 21:21:13,251] org.hibernate.type.BasicTypeRegistry: HHH000270: Type registration [java.time.LocalDateTime] overrides previous : org.hibernate.type.LocalDateTimeType@66b6873f
INFO  [2018-05-15 21:21:13,251] org.hibernate.type.BasicTypeRegistry: HHH000270: Type registration [java.time.LocalTime] overrides previous : org.hibernate.type.LocalTimeType@15f519f7
INFO  [2018-05-15 21:21:13,251] org.hibernate.type.BasicTypeRegistry: HHH000270: Type registration [java.time.OffsetDateTime] overrides previous : org.hibernate.type.OffsetDateTimeType@118fbaf0
INFO  [2018-05-15 21:21:13,251] org.hibernate.type.BasicTypeRegistry: HHH000270: Type registration [java.time.OffsetTime] overrides previous : org.hibernate.type.OffsetTimeType@7d1cb59f
INFO  [2018-05-15 21:21:13,251] org.hibernate.type.BasicTypeRegistry: HHH000270: Type registration [java.time.ZonedDateTime] overrides previous : org.hibernate.type.ZonedDateTimeType@68a5aadd
INFO  [2018-05-15 21:21:13,258] org.hibernate.hql.internal.QueryTranslatorFactoryInitiator: HHH000397: Using ASTQueryTranslatorFactory
INFO  [2018-05-15 21:21:13,314] io.dropwizard.server.ServerFactory: Starting hello-world
                           web-scale hello world dP for the web
                                                 88
  .d8888b. dP.  .dP .d8888b. 88d8b.d8b. 88d888b. 88 .d8888b.
  88ooood8  `8bd8'  88'  `88 88'`88'`88 88'  `88 88 88ooood8
  88.  ...  .d88b.  88.  .88 88  88  88 88.  .88 88 88.  ...
  `88888P' dP'  `dP `88888P8 dP  dP  dP 88Y888P' dP `88888P'
                                        88
                                        dP

INFO  [2018-05-15 21:21:13,641] org.eclipse.jetty.setuid.SetUIDListener: Opened application@4d6dabf6{HTTP/1.1,[http/1.1]}{0.0.0.0:51537}
INFO  [2018-05-15 21:21:13,641] org.eclipse.jetty.setuid.SetUIDListener: Opened admin@509a2d8a{HTTP/1.1,[http/1.1]}{0.0.0.0:51538}
INFO  [2018-05-15 21:21:13,645] org.eclipse.jetty.server.Server: jetty-9.4.10.v20180503; built: 2018-05-03T15:56:21.710Z; git: daa59876e6f384329b122929e70a80934569428c; jvm 1.8.0_151-b12
INFO  [2018-05-15 21:21:13,797] org.eclipse.jetty.server.AbstractConnector: Started application@4d6dabf6{HTTP/1.1,[http/1.1]}{0.0.0.0:51537}
INFO  [2018-05-15 21:21:13,803] org.eclipse.jetty.server.AbstractConnector: Started admin@509a2d8a{HTTP/1.1,[http/1.1]}{0.0.0.0:51538}
ERROR [2018-05-15 21:21:13,805] io.dropwizard.cli.ServerCommand: Unable to start server, shutting down
! java.lang.IllegalStateException: Multiple servlets map to path /*: home[mapped:JAVAX_API:null],io.dropwizard.jersey.setup.JerseyServletContainer-2775948c[mapped:EMBEDDED:null]
! at org.eclipse.jetty.servlet.ServletHandler.updateMappings(ServletHandler.java:1433)
! at org.eclipse.jetty.servlet.ServletHandler.doStart(ServletHandler.java:153)
! at org.eclipse.jetty.util.component.AbstractLifeCycle.start(AbstractLifeCycle.java:68)
! at org.eclipse.jetty.util.component.ContainerLifeCycle.start(ContainerLifeCycle.java:138)
! at org.eclipse.jetty.util.component.ContainerLifeCycle.doStart(ContainerLifeCycle.java:108)
! at org.eclipse.jetty.server.handler.AbstractHandler.doStart(AbstractHandler.java:113)
! at org.eclipse.jetty.server.handler.ScopedHandler.doStart(ScopedHandler.java:123)
! at org.eclipse.jetty.server.handler.ContextHandler.startContext(ContextHandler.java:844)
! at org.eclipse.jetty.servlet.ServletContextHandler.startContext(ServletContextHandler.java:370)
! at org.eclipse.jetty.server.handler.ContextHandler.doStart(ContextHandler.java:785)
! at org.eclipse.jetty.servlet.ServletContextHandler.doStart(ServletContextHandler.java:287)
! at org.eclipse.jetty.util.component.AbstractLifeCycle.start(AbstractLifeCycle.java:68)
! at org.eclipse.jetty.util.component.ContainerLifeCycle.start(ContainerLifeCycle.java:138)
! at org.eclipse.jetty.util.component.ContainerLifeCycle.doStart(ContainerLifeCycle.java:108)
! at org.eclipse.jetty.server.handler.AbstractHandler.doStart(AbstractHandler.java:113)
! at com.codahale.metrics.jetty9.InstrumentedHandler.doStart(InstrumentedHandler.java:101)
! at org.eclipse.jetty.util.component.AbstractLifeCycle.start(AbstractLifeCycle.java:68)
! at org.eclipse.jetty.util.component.ContainerLifeCycle.start(ContainerLifeCycle.java:138)
! at org.eclipse.jetty.util.component.ContainerLifeCycle.doStart(ContainerLifeCycle.java:117)
! at org.eclipse.jetty.server.handler.AbstractHandler.doStart(AbstractHandler.java:113)
! at org.eclipse.jetty.util.component.AbstractLifeCycle.start(AbstractLifeCycle.java:68)
! at org.eclipse.jetty.util.component.ContainerLifeCycle.start(ContainerLifeCycle.java:138)
! at org.eclipse.jetty.util.component.ContainerLifeCycle.doStart(ContainerLifeCycle.java:108)
! at org.eclipse.jetty.server.handler.AbstractHandler.doStart(AbstractHandler.java:113)
! at org.eclipse.jetty.server.handler.gzip.GzipHandler.doStart(GzipHandler.java:403)
! at org.eclipse.jetty.util.component.AbstractLifeCycle.start(AbstractLifeCycle.java:68)
! at org.eclipse.jetty.util.component.ContainerLifeCycle.start(ContainerLifeCycle.java:138)
! at org.eclipse.jetty.util.component.ContainerLifeCycle.doStart(ContainerLifeCycle.java:108)
! at org.eclipse.jetty.server.handler.AbstractHandler.doStart(AbstractHandler.java:113)
! at org.eclipse.jetty.util.component.AbstractLifeCycle.start(AbstractLifeCycle.java:68)
! at org.eclipse.jetty.util.component.ContainerLifeCycle.start(ContainerLifeCycle.java:138)
! at org.eclipse.jetty.util.component.ContainerLifeCycle.doStart(ContainerLifeCycle.java:108)
! at org.eclipse.jetty.server.handler.AbstractHandler.doStart(AbstractHandler.java:113)
! at org.eclipse.jetty.server.handler.StatisticsHandler.doStart(StatisticsHandler.java:252)
! at org.eclipse.jetty.util.component.AbstractLifeCycle.start(AbstractLifeCycle.java:68)
! at org.eclipse.jetty.util.component.ContainerLifeCycle.start(ContainerLifeCycle.java:138)
! at org.eclipse.jetty.server.Server.start(Server.java:419)
! at org.eclipse.jetty.util.component.ContainerLifeCycle.doStart(ContainerLifeCycle.java:108)
! at org.eclipse.jetty.server.handler.AbstractHandler.doStart(AbstractHandler.java:113)
! at org.eclipse.jetty.server.Server.doStart(Server.java:386)
! at org.eclipse.jetty.util.component.AbstractLifeCycle.start(AbstractLifeCycle.java:68)
! at io.dropwizard.cli.ServerCommand.run(ServerCommand.java:53)
! at io.dropwizard.cli.EnvironmentCommand.run(EnvironmentCommand.java:44)
! at io.dropwizard.cli.ConfiguredCommand.run(ConfiguredCommand.java:87)
! at io.dropwizard.testing.DropwizardTestSupport.startIfRequired(DropwizardTestSupport.java:237)
! at io.dropwizard.testing.DropwizardTestSupport.before(DropwizardTestSupport.java:151)
! at io.dropwizard.testing.junit.DropwizardAppRule.before(DropwizardAppRule.java:159)
! at org.junit.rules.ExternalResource$1.evaluate(ExternalResource.java:46)
! at org.junit.rules.RunRules.evaluate(RunRules.java:20)
! at org.junit.runners.ParentRunner.run(ParentRunner.java:363)
! at org.apache.maven.surefire.junit4.JUnit4Provider.execute(JUnit4Provider.java:365)
! at org.apache.maven.surefire.junit4.JUnit4Provider.executeWithRerun(JUnit4Provider.java:273)
! at org.apache.maven.surefire.junit4.JUnit4Provider.executeTestSet(JUnit4Provider.java:238)
! at org.apache.maven.surefire.junit4.JUnit4Provider.invoke(JUnit4Provider.java:159)
! at org.apache.maven.surefire.booter.ForkedBooter.invokeProviderInSameClassLoader(ForkedBooter.java:379)
! at org.apache.maven.surefire.booter.ForkedBooter.runSuitesInProcess(ForkedBooter.java:340)
! at org.apache.maven.surefire.booter.ForkedBooter.execute(ForkedBooter.java:125)
! at org.apache.maven.surefire.booter.ForkedBooter.main(ForkedBooter.java:413)
INFO  [2018-05-15 21:21:13,827] org.eclipse.jetty.server.AbstractConnector: Stopped application@4d6dabf6{HTTP/1.1,[http/1.1]}{0.0.0.0:0}
INFO  [2018-05-15 21:21:13,829] org.eclipse.jetty.server.AbstractConnector: Stopped admin@509a2d8a{HTTP/1.1,[http/1.1]}{0.0.0.0:0}
INFO  [2018-05-15 21:21:13,831] org.eclipse.jetty.server.handler.ContextHandler: Stopped i.d.j.MutableServletContextHandler@45865e65{/,null,UNAVAILABLE}
INFO  [2018-05-15 21:21:15,292] org.glassfish.jersey.test.inmemory.InMemoryTestContainerFactory$InMemoryTestContainer: Creating InMemoryTestContainer configured at the base URI http://localhost:9998/
INFO  [2018-05-15 21:21:16,949] org.glassfish.jersey.test.grizzly.GrizzlyWebTestContainerFactory$GrizzlyWebTestContainer: Creating GrizzlyWebTestContainer configured at the base URI http://localhost:9998/
INFO  [2018-05-15 21:21:17,864] org.glassfish.grizzly.servlet.WebappContext: Starting application [TestContext] ...
INFO  [2018-05-15 21:21:17,933] org.glassfish.grizzly.servlet.WebappContext: [TestContext] Servlet [org.glassfish.jersey.servlet.ServletContainer] registered for url pattern(s) [[/*]].
INFO  [2018-05-15 21:21:17,934] org.glassfish.grizzly.servlet.WebappContext: Application [TestContext] is ready to service requests.  Root: [].
INFO  [2018-05-15 21:21:18,039] org.glassfish.grizzly.http.server.NetworkListener: Started listener bound to [localhost:9998]
INFO  [2018-05-15 21:21:18,042] org.glassfish.grizzly.http.server.HttpServer: [HttpServer] Started.
INFO  [2018-05-15 21:21:18,566] org.glassfish.grizzly.servlet.ServletHandler: Loading Servlet: org.glassfish.jersey.servlet.ServletContainer
INFO  [2018-05-15 21:21:18,853] org.glassfish.grizzly.http.server.NetworkListener: Stopped listener bound to [localhost:9998]
INFO  [2018-05-15 21:21:18,867] org.glassfish.jersey.test.grizzly.GrizzlyWebTestContainerFactory$GrizzlyWebTestContainer: Creating GrizzlyWebTestContainer configured at the base URI http://localhost:9998/
INFO  [2018-05-15 21:21:18,868] org.glassfish.grizzly.servlet.WebappContext: Starting application [TestContext] ...
INFO  [2018-05-15 21:21:18,869] org.glassfish.grizzly.servlet.WebappContext: [TestContext] Servlet [org.glassfish.jersey.servlet.ServletContainer] registered for url pattern(s) [[/*]].
INFO  [2018-05-15 21:21:18,869] org.glassfish.grizzly.servlet.WebappContext: Application [TestContext] is ready to service requests.  Root: [].
INFO  [2018-05-15 21:21:18,875] org.glassfish.grizzly.http.server.NetworkListener: Started listener bound to [localhost:9998]
INFO  [2018-05-15 21:21:18,875] org.glassfish.grizzly.http.server.HttpServer: [HttpServer-1] Started.
INFO  [2018-05-15 21:21:18,908] org.glassfish.grizzly.servlet.ServletHandler: Loading Servlet: org.glassfish.jersey.servlet.ServletContainer
INFO  [2018-05-15 21:21:19,119] org.glassfish.grizzly.http.server.NetworkListener: Stopped listener bound to [localhost:9998]
INFO  [2018-05-15 21:21:19,130] org.glassfish.jersey.test.grizzly.GrizzlyWebTestContainerFactory$GrizzlyWebTestContainer: Creating GrizzlyWebTestContainer configured at the base URI http://localhost:9998/
INFO  [2018-05-15 21:21:19,130] org.glassfish.grizzly.servlet.WebappContext: Starting application [TestContext] ...
INFO  [2018-05-15 21:21:19,131] org.glassfish.grizzly.servlet.WebappContext: [TestContext] Servlet [org.glassfish.jersey.servlet.ServletContainer] registered for url pattern(s) [[/*]].
INFO  [2018-05-15 21:21:19,131] org.glassfish.grizzly.servlet.WebappContext: Application [TestContext] is ready to service requests.  Root: [].
INFO  [2018-05-15 21:21:19,139] org.glassfish.grizzly.http.server.NetworkListener: Started listener bound to [localhost:9998]
INFO  [2018-05-15 21:21:19,139] org.glassfish.grizzly.http.server.HttpServer: [HttpServer-2] Started.
INFO  [2018-05-15 21:21:19,175] org.glassfish.grizzly.servlet.ServletHandler: Loading Servlet: org.glassfish.jersey.servlet.ServletContainer
INFO  [2018-05-15 21:21:19,390] org.glassfish.grizzly.http.server.NetworkListener: Stopped listener bound to [localhost:9998]
